<?xml version="1.0" encoding="UTF-8" ?>
<testsuites>
  <testsuite errors="0" failures="0" hostname="murz-VAIO" id="0" name="PostIntegrationTestTests" package="expad" tests="1" time="0.08" timestamp="2013-03-10T16:38:48">
      <properties />

      <testcase classname="expad.PostIntegrationTestTests" name="testSomething" time="0.07" />

      <system-out><![CDATA[--Output from testSomething--
]]></system-out>

      <system-err><![CDATA[--Output from testSomething--
]]></system-err>

  </testsuite>
  <testsuite errors="0" failures="0" hostname="murz-VAIO" id="1" name="UserIntegrationTests" package="expad" tests="1" time="0.01" timestamp="2013-03-10T16:38:48">
      <properties />

      <testcase classname="expad.UserIntegrationTests" name="testSomething" time="0.01" />

      <system-out><![CDATA[--Output from testSomething--
]]></system-out>

      <system-err><![CDATA[--Output from testSomething--
]]></system-err>

  </testsuite>
  <testsuite errors="0" failures="1" hostname="murz-VAIO" id="2" name="ProfileTests" package="expad" tests="1" time="0.26" timestamp="2013-03-10T16:38:42">
      <properties />

      <testcase classname="expad.ProfileTests" name="testSomething" time="0.13">
          <failure message="junit.framework.AssertionFailedError: Implement me" type="junit.framework.AssertionFailedError">junit.framework.AssertionFailedError: junit.framework.AssertionFailedError: Implement me
	at expad.ProfileTests.testSomething(ProfileTests.groovy:15)
</failure>

      </testcase>

      <system-out><![CDATA[--Output from testSomething--
]]></system-out>

      <system-err><![CDATA[--Output from testSomething--
]]></system-err>

  </testsuite>
  <testsuite errors="0" failures="1" hostname="murz-VAIO" id="3" name="SMSTests" package="expad" tests="1" time="0.28" timestamp="2013-03-10T16:38:42">
      <properties />

      <testcase classname="expad.SMSTests" name="testSomething" time="0.14">
          <failure message="junit.framework.AssertionFailedError: Implement me" type="junit.framework.AssertionFailedError">junit.framework.AssertionFailedError: junit.framework.AssertionFailedError: Implement me
	at expad.SMSTests.testSomething(SMSTests.groovy:15)
</failure>

      </testcase>

      <system-out><![CDATA[--Output from testSomething--
]]></system-out>

      <system-err><![CDATA[--Output from testSomething--
]]></system-err>

  </testsuite>
  <testsuite errors="0" failures="1" hostname="murz-VAIO" id="4" name="SummonsTests" package="expad" tests="1" time="0.26" timestamp="2013-03-10T16:38:43">
      <properties />

      <testcase classname="expad.SummonsTests" name="testSomething" time="0.13">
          <failure message="junit.framework.AssertionFailedError: Implement me" type="junit.framework.AssertionFailedError">junit.framework.AssertionFailedError: junit.framework.AssertionFailedError: Implement me
	at expad.SummonsTests.testSomething(SummonsTests.groovy:15)
</failure>

      </testcase>

      <system-out><![CDATA[--Output from testSomething--
]]></system-out>

      <system-err><![CDATA[--Output from testSomething--
]]></system-err>

  </testsuite>
  <testsuite errors="0" failures="1" hostname="murz-VAIO" id="5" name="UserTests" package="expad" tests="1" time="0.17" timestamp="2013-03-10T16:38:43">
      <properties />

      <testcase classname="expad.UserTests" name="testSomething" time="0.17">
          <failure message="junit.framework.AssertionFailedError: Implement me" type="junit.framework.AssertionFailedError">junit.framework.AssertionFailedError: junit.framework.AssertionFailedError: Implement me
	at expad.UserTests.testSomething(UserTests.groovy:15)
</failure>

      </testcase>

      <system-out><![CDATA[--Output from testSomething--
]]></system-out>

      <system-err><![CDATA[--Output from testSomething--
]]></system-err>

  </testsuite>
</testsuites>
